<?xml version="1.0" encoding="UTF-8"?>
<TestRun id="1dd0cb52-684f-42a5-9f22-45310d1066b6" name="Scott Emberley@ULTIMATE7 2009-10-31 15:36:11" runUser="Ultimate7\Scott Emberley" xmlns="http://microsoft.com/schemas/VisualStudio/TeamTest/2006">
  <TestRunConfiguration name="Local Test Run" id="0a6f6399-05f3-4f82-9495-46a57684b15d">
    <Description>This is a default test run configuration for a local test run.</Description>
    <Deployment runDeploymentRoot="C:\Source_Testing\X509 Certificates\TestResults\Scott Emberley_ULTIMATE7 2009-10-31 15_36_11">
      <DeploymentItem filename="C:\Source_Testing\X509 Certificates\X509Certificate_ClassLibrary\bin\Debug\X509Certificate_ClassLibrary.dll" />
    </Deployment>
    <TestTypeSpecific />
  </TestRunConfiguration>
  <ResultSummary outcome="Completed">
    <Counters total="2" executed="2" passed="2" error="0" failed="0" timeout="0" aborted="0" inconclusive="0" passedButRunAborted="0" notRunnable="0" notExecuted="0" disconnected="0" warning="0" completed="0" inProgress="0" pending="0" />
  </ResultSummary>
  <Times creation="2009-10-31T15:36:11.9082031-05:00" queuing="2009-10-31T15:36:12.7832031-05:00" start="2009-10-31T15:36:12.9082031-05:00" finish="2009-10-31T15:37:28.8769531-05:00" />
  <TestDefinitions>
    <UnitTest name="GetCertificateTest" storage="c:\source_testing\x509 certificates\x509certificate_classlibrary_testproject\bin\debug\x509certificate_classlibrary_testproject.dll" id="17b71b7c-968b-e58a-2a6f-772a45494c6a">
      <Css projectStructure="" iteration="" />
      <Owners>
        <Owner name="" />
      </Owners>
      <DeploymentItems>
        <DeploymentItem filename="X509Certificate_ClassLibrary.dll" />
      </DeploymentItems>
      <Execution id="d963be38-ebce-42e3-8651-223dd1c82886" />
      <TestMethod codeBase="C:\Source_Testing\X509 Certificates\X509Certificate_ClassLibrary_TestProject\bin\Debug\X509Certificate_ClassLibrary_TestProject.dll" adapterTypeName="Microsoft.VisualStudio.TestTools.TestTypes.Unit.UnitTestAdapter, Microsoft.VisualStudio.QualityTools.Tips.UnitTest.Adapter, Version=9.0.0.0, Culture=neutral, PublicKeyToken=b03f5f7f11d50a3a" className="X509Certificate_ClassLibrary_TestProject.X509CertificateClassLibraryTest, X509Certificate_ClassLibrary_TestProject" name="GetCertificateTest" />
    </UnitTest>
    <UnitTest name="BuildCertificateTest" storage="c:\source_testing\x509 certificates\x509certificate_classlibrary_testproject\bin\debug\x509certificate_classlibrary_testproject.dll" id="7c05a038-594b-d1bd-5d82-b4df92b177ba">
      <Css projectStructure="" iteration="" />
      <Owners>
        <Owner name="" />
      </Owners>
      <DeploymentItems>
        <DeploymentItem filename="X509Certificate_ClassLibrary.dll" />
      </DeploymentItems>
      <Execution id="51886ba8-fe6b-4213-9bd8-7701f8e232c3" />
      <TestMethod codeBase="C:\Source_Testing\X509 Certificates\X509Certificate_ClassLibrary_TestProject\bin\Debug\X509Certificate_ClassLibrary_TestProject.dll" adapterTypeName="Microsoft.VisualStudio.TestTools.TestTypes.Unit.UnitTestAdapter, Microsoft.VisualStudio.QualityTools.Tips.UnitTest.Adapter, Version=9.0.0.0, Culture=neutral, PublicKeyToken=b03f5f7f11d50a3a" className="X509Certificate_ClassLibrary_TestProject.X509CertificateClassLibraryTest, X509Certificate_ClassLibrary_TestProject" name="BuildCertificateTest" />
    </UnitTest>
  </TestDefinitions>
  <TestLists>
    <TestList name="Results Not in a List" id="8c84fa94-04c1-424b-9868-57a2d4851a1d" />
    <TestList name="All Loaded Results" id="19431567-8539-422a-85d7-44ee4e166bda" />
  </TestLists>
  <TestEntries>
    <TestEntry testId="17b71b7c-968b-e58a-2a6f-772a45494c6a" executionId="d963be38-ebce-42e3-8651-223dd1c82886" testListId="8c84fa94-04c1-424b-9868-57a2d4851a1d" />
    <TestEntry testId="7c05a038-594b-d1bd-5d82-b4df92b177ba" executionId="51886ba8-fe6b-4213-9bd8-7701f8e232c3" testListId="8c84fa94-04c1-424b-9868-57a2d4851a1d" />
  </TestEntries>
  <Results>
    <UnitTestResult executionId="d963be38-ebce-42e3-8651-223dd1c82886" testId="17b71b7c-968b-e58a-2a6f-772a45494c6a" testName="GetCertificateTest" computerName="ULTIMATE7" duration="00:00:00.0608204" startTime="2009-10-31T15:36:13.0019531-05:00" endTime="2009-10-31T15:36:13.3613281-05:00" testType="13cdc9d9-ddb5-4fa4-a97d-d965ccfc6d4b" outcome="Passed" testListId="8c84fa94-04c1-424b-9868-57a2d4851a1d">
      <Output>
        <DebugTrace>
Certificate Data: ******************************************************************

Basic Certificate Information
	 Format: X509
	 Version: 3
	 Hash String: E87149E3BE0856912857CAB225250987D7A48AE8
	 Issuer Name: CN=ETM Test Certificate
	 Issuer Name OID: 
	 Subject Name: CN=ETM Test Certificate
	 Serial Number: 990B25F50DC7E2B548BE75AFED579448
	 Thumb Print: E87149E3BE0856912857CAB225250987D7A48AE8
	 Friendly Name: 
	 Signature Algorithm: md5RSA
	 Signature Key Exchange Algorithm: RSA-PKCS1-KeyEx
	 Key Algorithm Parameters: 0500
	 Not Valid Before: 12/31/2008 11:00:00 PM
	 Not Valid After: 12/31/2019 11:00:00 PM
	 Can Be Verified: False
	 Is Archived: False

X509 Name Elements
	 X509 Simple Name: ETM Test Certificate
	 X509 DNS From Alternative Name: 
	 X509 DNS Name: ETM Test Certificate
	 X509 Email Name: 
	 X509 UPN Name: 
	 X509 URL Name: 

X509 Name Elements for Issuer
	 X509 Simple Name: ETM Test Certificate
	 X509 DNS From Alternative Name: 
	 X509 DNS Name: ETM Test Certificate
	 X509 Email Name: 
	 X509 UPN Name: 
	 X509 URL Name: 

Keys
	 Private Key: &lt;RSAKeyValue&gt;&lt;Modulus&gt;kMUObst+mLVprKFX9mK6m/K0/6Wii8i2mgo0dnnyIZavUyRPBrhUjke6fc6BgQTHEuOSpfmLkql7E4onr0W92L2zuNIyGMczI5tv+IYYH6a+WSTdVW1P9g6/w480R9ng3oN0x6BSkr564qKz0iVS4upB3ZPN6P84GQaepzkZ3Vs=&lt;/Modulus&gt;&lt;Exponent&gt;AQAB&lt;/Exponent&gt;&lt;/RSAKeyValue&gt;
	 Public Key: &lt;RSAKeyValue&gt;&lt;Modulus&gt;kMUObst+mLVprKFX9mK6m/K0/6Wii8i2mgo0dnnyIZavUyRPBrhUjke6fc6BgQTHEuOSpfmLkql7E4onr0W92L2zuNIyGMczI5tv+IYYH6a+WSTdVW1P9g6/w480R9ng3oN0x6BSkr564qKz0iVS4upB3ZPN6P84GQaepzkZ3Vs=&lt;/Modulus&gt;&lt;Exponent&gt;AQAB&lt;/Exponent&gt;&lt;/RSAKeyValue&gt;

Raw Cert
	 3082021730820180A0030201020210990B25F50DC7E2B548BE75AFED579448300D06092A864886F70D0101040500301F311D301B0603550403131445544D2054657374204365727469666963617465301E170D3039303130313035303030305A170D3230303130313035303030305A301F311D301B0603550403131445544D205465737420436572746966696361746530819F300D06092A864886F70D010101050003818D003081890281810090C50E6ECB7E98B569ACA157F662BA9BF2B4FFA5A28BC8B69A0A347679F22196AF53244F06B8548E47BA7DCE818104C712E392A5F98B92A97B138A27AF45BDD8BDB3B8D23218C733239B6FF886181FA6BE5924DD556D4FF60EBFC38F3447D9E0DE8374C7A05292BE7AE2A2B3D22552E2EA41DD93CDE8FF3819069EA73919DD5B0203010001A354305230500603551D010449304780109BED238CDE509CBA6A0C297F53F6C2A6A121301F311D301B0603550403131445544D20546573742043657274696669636174658210990B25F50DC7E2B548BE75AFED579448300D06092A864886F70D010104050003818100020199F6DB2827AD2D143A171BE10887A93258CFEDB626666109E02034A29AF5D84F45112102DFC73435964E21EABD45F885270F00859FC073790DF4766216844238710EA8BC50EB1F6616D969312069F6C5D27E48F9DD2D16C1FA967129DE8CB7DA735A08340B31100D4E8EBF811B546935FC7DBAAEAC8576CE120231C120D2

************************************************************************************

</DebugTrace>
      </Output>
    </UnitTestResult>
    <UnitTestResult executionId="51886ba8-fe6b-4213-9bd8-7701f8e232c3" testId="7c05a038-594b-d1bd-5d82-b4df92b177ba" testName="BuildCertificateTest" computerName="ULTIMATE7" duration="00:01:15.4498943" startTime="2009-10-31T15:36:13.3769531-05:00" endTime="2009-10-31T15:37:28.8300781-05:00" testType="13cdc9d9-ddb5-4fa4-a97d-d965ccfc6d4b" outcome="Passed" testListId="8c84fa94-04c1-424b-9868-57a2d4851a1d">
      <Output>
        <DebugTrace>
Certificate Data: ******************************************************************

Basic Certificate Information
	 Format: X509
	 Version: 3
	 Hash String: C3CBFCC36FE7D19C745FFE1F9D53463F58AB179C
	 Issuer Name: dnQualifier="sdc0+h0GHgU7FAaPqc1qrfFbG3s=", O=DC.CA.Sony.Com, OU=PRO, CN=.Sony.DCIssuerCA.v1
	 Issuer Name OID: 
	 Subject Name: dnQualifier="kisxy0eGHhPby56GaJ4VIc8mWHE=", O=DC.CA.Sony.Com, OU=PRO, CN=SM.Sony.SSP-27_COMPL.452ZK8C3_0026
	 Serial Number: 53745AF3903BD97F
	 Thumb Print: C3CBFCC36FE7D19C745FFE1F9D53463F58AB179C
	 Friendly Name: 
	 Key Algorithm Parameters: 0500
	 Not Valid Before: 12/10/2008 10:19:20 PM
	 Not Valid After: 12/3/2038 10:29:20 PM
	 Can Be Verified: False
	 Is Archived: False

X509 Name Elements
	 X509 Simple Name: SM.Sony.SSP-27_COMPL.452ZK8C3_0026
	 X509 DNS From Alternative Name: 
	 X509 DNS Name: SM.Sony.SSP-27_COMPL.452ZK8C3_0026
	 X509 Email Name: 
	 X509 UPN Name: 
	 X509 URL Name: 

X509 Name Elements for Issuer
	 X509 Simple Name: .Sony.DCIssuerCA.v1
	 X509 DNS From Alternative Name: 
	 X509 DNS Name: .Sony.DCIssuerCA.v1
	 X509 Email Name: 
	 X509 UPN Name: 
	 X509 URL Name: 

Keys
	 Public Key: &lt;RSAKeyValue&gt;&lt;Modulus&gt;oGF9lqpM4YBgEAiFM42SngNvpfLLx7OQe4D863V2eVfaUNiwNv/xoPzYdOGSGdjqyO2jnigOu0EwZaJJsn2vkVO/rXdOD9DtSmi49nu3dEzDSOqKZU8HrmHZdixFy1vLGD0RvKufrKbmSut0K2b9AboOHQcP1WdV5MNbPRNrRvaaLmrPKih0EfOQAId1mOSQULFPusGDaQpYvW3gX918Qr4MsSrua5ZxfMDF3tGcJD9WZyGUephUd23fOPIWKqEagtYhJL1DS375+VKbjogEe85k4pROmU4uS0UhaIV6SajbRzwTT0CZzoXshnmC9cdxylY945nLGr0+ZEU3vHIzAw==&lt;/Modulus&gt;&lt;Exponent&gt;AQAB&lt;/Exponent&gt;&lt;/RSAKeyValue&gt;

Raw Cert
	 308204453082032DA003020102020853745AF3903BD97F300D06092A864886F70D01010B0500306C311C301A060355040313132E536F6E792E444349737375657243412E7631310C300A060355040B130350524F31173015060355040A130E44432E43412E536F6E792E436F6D31253023060355042E131C736463302B683047486755374641615071633171726646624733733D301E170D3038313231313034313932305A170D3338313230343034323932305A307B312B302906035504030C22534D2E536F6E792E5353502D32375F434F4D504C2E3435325A4B3843335F30303236310C300A060355040B130350524F31173015060355040A130E44432E43412E536F6E792E436F6D31253023060355042E131C6B697378793065474868506279353647614A34564963386D5748453D30820122300D06092A864886F70D01010105000382010F003082010A0282010100A0617D96AA4CE18060100885338D929E036FA5F2CBC7B3907B80FCEB75767957DA50D8B036FFF1A0FCD874E19219D8EAC8EDA39E280EBB413065A249B27DAF9153BFAD774E0FD0ED4A68B8F67BB7744CC348EA8A654F07AE61D9762C45CB5BCB183D11BCAB9FACA6E64AEB742B66FD01BA0E1D070FD56755E4C35B3D136B46F69A2E6ACF2A287411F39000877598E49050B14FBAC183690A58BD6DE05FDD7C42BE0CB12AEE6B96717CC0C5DED19C243F566721947A9854776DDF38F2162AA11A82D62124BD434B7EF9F9529B8E88047BCE64E2944E994E2E4B452168857A49A8DB473C134F4099CE85EC867982F5C771CA563DE399CB1ABD3E644537BC7233030203010001A381DB3081D830090603551D1304023000300E0603551D0F0101FF0404030205A0301D0603551D0E04160414922B31CB47861E13DBCB9E86689E1521CF26587130819B0603551D230481933081908014B1D734FA1D061E053B14068FA9CD6AADF15B1B7BA16EA46C306A311A3018060355040313112E536F6E792E4443526F6F7443412E7631310C300A060355040B130350524F31173015060355040A130E44432E43412E536F6E792E436F6D31253023060355042E0C1C69316F51355A5A4D382F484B334D46476A394342367641314A50343D820814517732E9F60727300D06092A864886F70D01010B05000382010100522BA658322F9CC2B8EA9211FED07B12E87E4C8BF08975B9A4A7C05BAAA3893185A2072517EC14BAB36F25EF99813E0B21B8B728BEC6D0F7C698A1351D9DC36CDA7926E76BA989CF13CF4581BED5EB6DBAF3CDA5BC2E776F9A4335CF8ECBAC0988408CDF7E6FEC84CC0AD26D7A3E6CF58693EA6D98E03211C52FB7BD6A918215F2B53436922C3CED884597A5DE3A6108D08FCFD5CAAA7FB5DC45A5A3DA6F384A1942F38AAF05FCFA33E4BF02BA596F38CE2C50AFA43C5579DFD5E42328710EDD8957752D6B08C2434285B95C5BF0CC64461F35C5AFE6FC1A84D92A3B0242373B9810AA46A554E20F1070736F119D147EC3325DB604D5379EF9BEB311E0444A50

************************************************************************************

</DebugTrace>
      </Output>
    </UnitTestResult>
  </Results>
</TestRun>