<?xml version="1.0" encoding="UTF-8"?>
<TestRun id="af185d58-b7d8-49f0-bf19-0c57ab658a61" name="Scott Emberley@ULTIMATE7 2009-10-31 15:52:15" runUser="Ultimate7\Scott Emberley" xmlns="http://microsoft.com/schemas/VisualStudio/TeamTest/2006">
  <TestRunConfiguration name="Local Test Run" id="0a6f6399-05f3-4f82-9495-46a57684b15d">
    <Description>This is a default test run configuration for a local test run.</Description>
    <Deployment runDeploymentRoot="C:\Source_Testing\X509 Certificates\TestResults\Scott Emberley_ULTIMATE7 2009-10-31 15_52_15">
      <DeploymentItem filename="C:\Source_Testing\X509 Certificates\X509Certificate_ClassLibrary\bin\Debug\X509Certificate_ClassLibrary.dll" />
    </Deployment>
    <TestTypeSpecific />
  </TestRunConfiguration>
  <ResultSummary outcome="Failed">
    <Counters total="2" executed="2" passed="1" error="0" failed="1" timeout="0" aborted="0" inconclusive="0" passedButRunAborted="0" notRunnable="0" notExecuted="0" disconnected="0" warning="0" completed="0" inProgress="0" pending="0" />
  </ResultSummary>
  <Times creation="2009-10-31T15:52:15.9394531-05:00" queuing="2009-10-31T15:52:16.7675781-05:00" start="2009-10-31T15:52:16.8769531-05:00" finish="2009-10-31T15:52:17.4394531-05:00" />
  <TestDefinitions>
    <UnitTest name="GetCertificateTest" storage="c:\source_testing\x509 certificates\x509certificate_classlibrary_testproject\bin\debug\x509certificate_classlibrary_testproject.dll" id="17b71b7c-968b-e58a-2a6f-772a45494c6a">
      <Css projectStructure="" iteration="" />
      <Owners>
        <Owner name="" />
      </Owners>
      <DeploymentItems>
        <DeploymentItem filename="X509Certificate_ClassLibrary.dll" />
      </DeploymentItems>
      <Execution id="431b8c2f-f4c0-4438-8c4c-443176551b0d" />
      <TestMethod codeBase="C:\Source_Testing\X509 Certificates\X509Certificate_ClassLibrary_TestProject\bin\Debug\X509Certificate_ClassLibrary_TestProject.dll" adapterTypeName="Microsoft.VisualStudio.TestTools.TestTypes.Unit.UnitTestAdapter, Microsoft.VisualStudio.QualityTools.Tips.UnitTest.Adapter, Version=9.0.0.0, Culture=neutral, PublicKeyToken=b03f5f7f11d50a3a" className="X509Certificate_ClassLibrary_TestProject.X509CertificateClassLibraryTest, X509Certificate_ClassLibrary_TestProject" name="GetCertificateTest" />
    </UnitTest>
    <UnitTest name="BuildCertificateTest" storage="c:\source_testing\x509 certificates\x509certificate_classlibrary_testproject\bin\debug\x509certificate_classlibrary_testproject.dll" id="7c05a038-594b-d1bd-5d82-b4df92b177ba">
      <Css projectStructure="" iteration="" />
      <Owners>
        <Owner name="" />
      </Owners>
      <DeploymentItems>
        <DeploymentItem filename="X509Certificate_ClassLibrary.dll" />
      </DeploymentItems>
      <Execution id="d854923a-a4cc-4b5b-9b2c-350edb264280" />
      <TestMethod codeBase="C:\Source_Testing\X509 Certificates\X509Certificate_ClassLibrary_TestProject\bin\Debug\X509Certificate_ClassLibrary_TestProject.dll" adapterTypeName="Microsoft.VisualStudio.TestTools.TestTypes.Unit.UnitTestAdapter, Microsoft.VisualStudio.QualityTools.Tips.UnitTest.Adapter, Version=9.0.0.0, Culture=neutral, PublicKeyToken=b03f5f7f11d50a3a" className="X509Certificate_ClassLibrary_TestProject.X509CertificateClassLibraryTest, X509Certificate_ClassLibrary_TestProject" name="BuildCertificateTest" />
    </UnitTest>
  </TestDefinitions>
  <TestLists>
    <TestList name="Results Not in a List" id="8c84fa94-04c1-424b-9868-57a2d4851a1d" />
    <TestList name="All Loaded Results" id="19431567-8539-422a-85d7-44ee4e166bda" />
  </TestLists>
  <TestEntries>
    <TestEntry testId="17b71b7c-968b-e58a-2a6f-772a45494c6a" executionId="431b8c2f-f4c0-4438-8c4c-443176551b0d" testListId="8c84fa94-04c1-424b-9868-57a2d4851a1d" />
    <TestEntry testId="7c05a038-594b-d1bd-5d82-b4df92b177ba" executionId="d854923a-a4cc-4b5b-9b2c-350edb264280" testListId="8c84fa94-04c1-424b-9868-57a2d4851a1d" />
  </TestEntries>
  <Results>
    <UnitTestResult executionId="431b8c2f-f4c0-4438-8c4c-443176551b0d" testId="17b71b7c-968b-e58a-2a6f-772a45494c6a" testName="GetCertificateTest" computerName="ULTIMATE7" duration="00:00:00.0609682" startTime="2009-10-31T15:52:16.9238281-05:00" endTime="2009-10-31T15:52:17.2832031-05:00" testType="13cdc9d9-ddb5-4fa4-a97d-d965ccfc6d4b" outcome="Passed" testListId="8c84fa94-04c1-424b-9868-57a2d4851a1d">
      <Output>
        <DebugTrace>
Certificate Data: ******************************************************************

Basic Certificate Information
	 Format: X509
	 Version: 3
	 Hash String: E87149E3BE0856912857CAB225250987D7A48AE8
	 Issuer Name: CN=ETM Test Certificate
	 Issuer Name OID: 
	 Subject Name: CN=ETM Test Certificate
	 Serial Number: 990B25F50DC7E2B548BE75AFED579448
	 Thumb Print: E87149E3BE0856912857CAB225250987D7A48AE8
	 Friendly Name: 
	 Signature Algorithm: md5RSA
	 Signature Key Exchange Algorithm: RSA-PKCS1-KeyEx
	 Key Algorithm Parameters: 0500
	 Not Valid Before: 12/31/2008 11:00:00 PM
	 Not Valid After: 12/31/2019 11:00:00 PM
	 Can Be Verified: False
	 Is Archived: False

X509 Name Elements
	 X509 Simple Name: ETM Test Certificate
	 X509 DNS From Alternative Name: 
	 X509 DNS Name: ETM Test Certificate
	 X509 Email Name: 
	 X509 UPN Name: 
	 X509 URL Name: 

X509 Name Elements for Issuer
	 X509 Simple Name: ETM Test Certificate
	 X509 DNS From Alternative Name: 
	 X509 DNS Name: ETM Test Certificate
	 X509 Email Name: 
	 X509 UPN Name: 
	 X509 URL Name: 

Keys
	 Private Key: &lt;RSAKeyValue&gt;&lt;Modulus&gt;kMUObst+mLVprKFX9mK6m/K0/6Wii8i2mgo0dnnyIZavUyRPBrhUjke6fc6BgQTHEuOSpfmLkql7E4onr0W92L2zuNIyGMczI5tv+IYYH6a+WSTdVW1P9g6/w480R9ng3oN0x6BSkr564qKz0iVS4upB3ZPN6P84GQaepzkZ3Vs=&lt;/Modulus&gt;&lt;Exponent&gt;AQAB&lt;/Exponent&gt;&lt;/RSAKeyValue&gt;
	 Public Key: &lt;RSAKeyValue&gt;&lt;Modulus&gt;kMUObst+mLVprKFX9mK6m/K0/6Wii8i2mgo0dnnyIZavUyRPBrhUjke6fc6BgQTHEuOSpfmLkql7E4onr0W92L2zuNIyGMczI5tv+IYYH6a+WSTdVW1P9g6/w480R9ng3oN0x6BSkr564qKz0iVS4upB3ZPN6P84GQaepzkZ3Vs=&lt;/Modulus&gt;&lt;Exponent&gt;AQAB&lt;/Exponent&gt;&lt;/RSAKeyValue&gt;

Raw Cert
	 3082021730820180A0030201020210990B25F50DC7E2B548BE75AFED579448300D06092A864886F70D0101040500301F311D301B0603550403131445544D2054657374204365727469666963617465301E170D3039303130313035303030305A170D3230303130313035303030305A301F311D301B0603550403131445544D205465737420436572746966696361746530819F300D06092A864886F70D010101050003818D003081890281810090C50E6ECB7E98B569ACA157F662BA9BF2B4FFA5A28BC8B69A0A347679F22196AF53244F06B8548E47BA7DCE818104C712E392A5F98B92A97B138A27AF45BDD8BDB3B8D23218C733239B6FF886181FA6BE5924DD556D4FF60EBFC38F3447D9E0DE8374C7A05292BE7AE2A2B3D22552E2EA41DD93CDE8FF3819069EA73919DD5B0203010001A354305230500603551D010449304780109BED238CDE509CBA6A0C297F53F6C2A6A121301F311D301B0603550403131445544D20546573742043657274696669636174658210990B25F50DC7E2B548BE75AFED579448300D06092A864886F70D010104050003818100020199F6DB2827AD2D143A171BE10887A93258CFEDB626666109E02034A29AF5D84F45112102DFC73435964E21EABD45F885270F00859FC073790DF4766216844238710EA8BC50EB1F6616D969312069F6C5D27E48F9DD2D16C1FA967129DE8CB7DA735A08340B31100D4E8EBF811B546935FC7DBAAEAC8576CE120231C120D2

************************************************************************************

</DebugTrace>
      </Output>
    </UnitTestResult>
    <UnitTestResult executionId="d854923a-a4cc-4b5b-9b2c-350edb264280" testId="7c05a038-594b-d1bd-5d82-b4df92b177ba" testName="BuildCertificateTest" computerName="ULTIMATE7" duration="00:00:00.0917321" startTime="2009-10-31T15:52:17.2832031-05:00" endTime="2009-10-31T15:52:17.3769531-05:00" testType="13cdc9d9-ddb5-4fa4-a97d-d965ccfc6d4b" outcome="Failed" testListId="8c84fa94-04c1-424b-9868-57a2d4851a1d">
      <Output>
        <DebugTrace>
Certificate Data: ******************************************************************

Basic Certificate Information
	 Format: X509
	 Version: 3
	 Hash String: C3CBFCC36FE7D19C745FFE1F9D53463F58AB179C
	 Issuer Name: dnQualifier="sdc0+h0GHgU7FAaPqc1qrfFbG3s=", O=DC.CA.Sony.Com, OU=PRO, CN=.Sony.DCIssuerCA.v1
	 Issuer Name OID: 
	 Subject Name: dnQualifier="kisxy0eGHhPby56GaJ4VIc8mWHE=", O=DC.CA.Sony.Com, OU=PRO, CN=SM.Sony.SSP-27_COMPL.452ZK8C3_0026
	 Serial Number: 53745AF3903BD97F
	 Thumb Print: C3CBFCC36FE7D19C745FFE1F9D53463F58AB179C
	 Friendly Name: 
	 Signature Algorithm: sha256RSA
	 Signature Key Exchange Algorithm: 
	 Key Algorithm Parameters: 0500
	 Not Valid Before: 12/10/2008 10:19:20 PM
	 Not Valid After: 12/3/2038 10:29:20 PM
	 Can Be Verified: False
	 Is Archived: False

X509 Name Elements
	 X509 Simple Name: SM.Sony.SSP-27_COMPL.452ZK8C3_0026
	 X509 DNS From Alternative Name: 
	 X509 DNS Name: SM.Sony.SSP-27_COMPL.452ZK8C3_0026
	 X509 Email Name: 
	 X509 UPN Name: 
	 X509 URL Name: 

X509 Name Elements for Issuer
	 X509 Simple Name: .Sony.DCIssuerCA.v1
	 X509 DNS From Alternative Name: 
	 X509 DNS Name: .Sony.DCIssuerCA.v1
	 X509 Email Name: 
	 X509 UPN Name: 
	 X509 URL Name: 

Keys
	 Public Key: &lt;RSAKeyValue&gt;&lt;Modulus&gt;oGF9lqpM4YBgEAiFM42SngNvpfLLx7OQe4D863V2eVfaUNiwNv/xoPzYdOGSGdjqyO2jnigOu0EwZaJJsn2vkVO/rXdOD9DtSmi49nu3dEzDSOqKZU8HrmHZdixFy1vLGD0RvKufrKbmSut0K2b9AboOHQcP1WdV5MNbPRNrRvaaLmrPKih0EfOQAId1mOSQULFPusGDaQpYvW3gX918Qr4MsSrua5ZxfMDF3tGcJD9WZyGUephUd23fOPIWKqEagtYhJL1DS375+VKbjogEe85k4pROmU4uS0UhaIV6SajbRzwTT0CZzoXshnmC9cdxylY945nLGr0+ZEU3vHIzAw==&lt;/Modulus&gt;&lt;Exponent&gt;AQAB&lt;/Exponent&gt;&lt;/RSAKeyValue&gt;
	 Private Key: 

Raw Cert
	 308204453082032DA003020102020853745AF3903BD97F300D06092A864886F70D01010B0500306C311C301A060355040313132E536F6E792E444349737375657243412E7631310C300A060355040B130350524F31173015060355040A130E44432E43412E536F6E792E436F6D31253023060355042E131C736463302B683047486755374641615071633171726646624733733D301E170D3038313231313034313932305A170D3338313230343034323932305A307B312B302906035504030C22534D2E536F6E792E5353502D32375F434F4D504C2E3435325A4B3843335F30303236310C300A060355040B130350524F31173015060355040A130E44432E43412E536F6E792E436F6D31253023060355042E131C6B697378793065474868506279353647614A34564963386D5748453D30820122300D06092A864886F70D01010105000382010F003082010A0282010100A0617D96AA4CE18060100885338D929E036FA5F2CBC7B3907B80FCEB75767957DA50D8B036FFF1A0FCD874E19219D8EAC8EDA39E280EBB413065A249B27DAF9153BFAD774E0FD0ED4A68B8F67BB7744CC348EA8A654F07AE61D9762C45CB5BCB183D11BCAB9FACA6E64AEB742B66FD01BA0E1D070FD56755E4C35B3D136B46F69A2E6ACF2A287411F39000877598E49050B14FBAC183690A58BD6DE05FDD7C42BE0CB12AEE6B96717CC0C5DED19C243F566721947A9854776DDF38F2162AA11A82D62124BD434B7EF9F9529B8E88047BCE64E2944E994E2E4B452168857A49A8DB473C134F4099CE85EC867982F5C771CA563DE399CB1ABD3E644537BC7233030203010001A381DB3081D830090603551D1304023000300E0603551D0F0101FF0404030205A0301D0603551D0E04160414922B31CB47861E13DBCB9E86689E1521CF26587130819B0603551D230481933081908014B1D734FA1D061E053B14068FA9CD6AADF15B1B7BA16EA46C306A311A3018060355040313112E536F6E792E4443526F6F7443412E7631310C300A060355040B130350524F31173015060355040A130E44432E43412E536F6E792E436F6D31253023060355042E0C1C69316F51355A5A4D382F484B334D46476A394342367641314A50343D820814517732E9F60727300D06092A864886F70D01010B05000382010100522BA658322F9CC2B8EA9211FED07B12E87E4C8BF08975B9A4A7C05BAAA3893185A2072517EC14BAB36F25EF99813E0B21B8B728BEC6D0F7C698A1351D9DC36CDA7926E76BA989CF13CF4581BED5EB6DBAF3CDA5BC2E776F9A4335CF8ECBAC0988408CDF7E6FEC84CC0AD26D7A3E6CF58693EA6D98E03211C52FB7BD6A918215F2B53436922C3CED884597A5DE3A6108D08FCFD5CAAA7FB5DC45A5A3DA6F384A1942F38AAF05FCFA33E4BF02BA596F38CE2C50AFA43C5579DFD5E42328710EDD8957752D6B08C2434285B95C5BF0CC64461F35C5AFE6FC1A84D92A3B0242373B9810AA46A554E20F1070736F119D147EC3325DB604D5379EF9BEB311E0444A50

************************************************************************************


Certificate Data: ******************************************************************

Basic Certificate Information
	 Format: X509
	 Version: 3
	 Hash String: 164430495AD42085D28E682C325CFD25F87ADE80
	 Issuer Name: dnQualifier="i1oQ5ZZM8/HK3MFGj9CB6vA1JP4=", O=DC.CA.Sony.Com, OU=PRO, CN=.Sony.DCRootCA.v1
	 Issuer Name OID: 
	 Subject Name: dnQualifier="sdc0+h0GHgU7FAaPqc1qrfFbG3s=", O=DC.CA.Sony.Com, OU=PRO, CN=.Sony.DCIssuerCA.v1
	 Serial Number: 14517732E9F60727
	 Thumb Print: 164430495AD42085D28E682C325CFD25F87ADE80
	 Friendly Name: 
	 Signature Algorithm: sha256RSA
	 Signature Key Exchange Algorithm: 
	 Key Algorithm Parameters: 0500
	 Not Valid Before: 4/10/2006 5:09:25 AM
	 Not Valid After: 3/28/2056 5:19:25 AM
	 Can Be Verified: False
	 Is Archived: False

X509 Name Elements
	 X509 Simple Name: .Sony.DCIssuerCA.v1
	 X509 DNS From Alternative Name: 
	 X509 DNS Name: .Sony.DCIssuerCA.v1
	 X509 Email Name: 
	 X509 UPN Name: 
	 X509 URL Name: 

X509 Name Elements for Issuer
	 X509 Simple Name: .Sony.DCRootCA.v1
	 X509 DNS From Alternative Name: 
	 X509 DNS Name: .Sony.DCRootCA.v1
	 X509 Email Name: 
	 X509 UPN Name: 
	 X509 URL Name: 

Keys
	 Public Key: &lt;RSAKeyValue&gt;&lt;Modulus&gt;nQwKQHJZwRmpDcQy6K1RTuZBXGeo59EAOKqg5DmxH6nlf7oZJ3/N9clUpCMbSe3+sDkt8tJTLuknE/rSbtC0rr6QPXXTplo1Jdf4ANNHR7hJeojPUff2USNSApaJrgfbgLt2TUe+tnCcqeUvToqkjuAE8uLoiZmOUpN4ZPmRIGJWU6dYovbKV7y7ZvDV8B3lu6JDxec6fea8tpwyJIX2EfVEjhunUDyX4ejiEY/5KNr7U9VUytdGBRpL3XxRr/B8RfVxaWOA/uJ7Xud4tmRGSSkoBjccljwfPQ+unhyYd4J3oMuIq1H10BfH4sYMXyJ0+pgAFWs83xVedqALOgp6Vw==&lt;/Modulus&gt;&lt;Exponent&gt;AQAB&lt;/Exponent&gt;&lt;/RSAKeyValue&gt;
	 Private Key: 

Raw Cert
	 3082043F30820327A003020102020814517732E9F60727300D06092A864886F70D01010B0500306A311A3018060355040313112E536F6E792E4443526F6F7443412E7631310C300A060355040B130350524F31173015060355040A130E44432E43412E536F6E792E436F6D31253023060355042E0C1C69316F51355A5A4D382F484B334D46476A394342367641314A50343D3020170D3036303431303130303932355A180F32303536303332383130313932355A306C311C301A060355040313132E536F6E792E444349737375657243412E7631310C300A060355040B130350524F31173015060355040A130E44432E43412E536F6E792E436F6D31253023060355042E131C736463302B683047486755374641615071633171726646624733733D30820122300D06092A864886F70D01010105000382010F003082010A02820101009D0C0A407259C119A90DC432E8AD514EE6415C67A8E7D10038AAA0E439B11FA9E57FBA19277FCDF5C954A4231B49EDFEB0392DF2D2532EE92713FAD26ED0B4AEBE903D75D3A65A3525D7F800D34747B8497A88CF51F7F6512352029689AE07DB80BB764D47BEB6709CA9E52F4E8AA48EE004F2E2E889998E52937864F99120625653A758A2F6CA57BCBB66F0D5F01DE5BBA243C5E73A7DE6BCB69C322485F611F5448E1BA7503C97E1E8E2118FF928DAFB53D554CAD746051A4BDD7C51AFF07C45F571696380FEE27B5EE778B6644649292806371C963C1F3D0FAE9E1C98778277A0CB88AB51F5D017C7E2C60C5F2274FA9800156B3CDF155E76A00B3A0A7A570203010001A381E43081E130120603551D130101FF040830060101FF020100300E0603551D0F0101FF040403020204301D0603551D0E04160414B1D734FA1D061E053B14068FA9CD6AADF15B1B7B30819B0603551D2304819330819080148B5A10E5964CF3F1CADCC1468FD081EAF03524FEA16EA46C306A311A3018060355040313112E536F6E792E4443526F6F7443412E7631310C300A060355040B130350524F31173015060355040A130E44432E43412E536F6E792E436F6D31253023060355042E0C1C69316F51355A5A4D382F484B334D46476A394342367641314A50343D820869A778BD5C83A9F9300D06092A864886F70D01010B05000382010100384A82AC5EE632751FA2383E4D3354D9A0BB18DD91795F02CCAE69B592E4C2AE195B86AC1F3699E5CF3D13E95F7A4F0B753B49931904EC7F9E6BA9FE59624D0609D20512423DFEB275BD1AA21022B1E9C65ABF714B65906A45CFFCAFEE70706A54D608BEAE853B868802879B2DB0B737D7A3D4D7DD506C31D691017FDC549083BE732EB92BE0D61721468652843F08C0DD15BB89DA828471A578005BD2E95D2464E08B7B4C702A1498E1B3622AC09DBB662045F1310AC274F883DE18DE76A3062CF1B98EAFEAB800E0BAD8D422CA5F75BFC17B0F103CEBCDB3B2CF769E24EDF9813E04F698477B80087DFF4CB5909D76A0B3A00DD759CCF9390713011A61011C

************************************************************************************

</DebugTrace>
        <ErrorInfo>
          <Message>Test method X509Certificate_ClassLibrary_TestProject.X509CertificateClassLibraryTest.BuildCertificateTest threw exception:  System.FormatException: Invalid length for a Base-64 char array..</Message>
          <StackTrace>    at System.Convert.FromBase64String(String s)
   at X509Certificate_ClassLibrary_TestProject.X509CertificateClassLibraryTest.BuildCertificateTest() in C:\Source_Testing\X509 Certificates\X509Certificate_ClassLibrary_TestProject\X509CertificateClassLibraryTest.cs:line 242
</StackTrace>
        </ErrorInfo>
      </Output>
    </UnitTestResult>
  </Results>
</TestRun>